2024-03-13T10:42:28.158Z: POST /
2024-03-13T10:42:35.282Z: POST /register
2024-03-13T10:43:45.302Z: POST /register
2024-03-13T10:45:08.486Z: POST /register
2024-03-13T10:46:40.123Z: POST /register
2024-03-13T10:47:25.745Z: POST /register
2024-03-13T10:47:53.277Z: POST /register
2024-03-13T10:50:05.243Z: POST /register
2024-03-13T11:40:16.856Z: POST /register
2024-03-13T11:40:18.095Z: POST /register
2024-03-13T11:40:43.505Z: POST /register
2024-03-13T12:23:14.053Z: POST /register
2024-03-13T12:25:17.937Z: POST /register
2024-03-13T12:26:33.533Z: POST /register
2024-03-13T12:42:52.680Z: POST /register
2024-03-13T12:43:38.116Z: POST /register
2024-03-13T13:15:46.928Z: POST /login
2024-03-13T13:16:22.784Z: POST /login
2024-03-13T13:17:06.246Z: POST /login
2024-03-13T13:17:57.217Z: POST /login
2024-03-13T13:17:58.490Z: POST /login
2024-03-13T13:22:17.080Z: POST /login
2024-03-13T13:22:19.645Z: POST /login
2024-03-13T13:22:37.320Z: POST /login
2024-03-13T13:22:47.023Z: POST /login
2024-03-13T13:25:23.902Z: POST /login
2024-03-13T13:26:25.797Z: POST /login
2024-03-13T13:27:39.276Z: POST /login
2024-03-13T13:28:06.553Z: POST /login
2024-03-13T13:28:42.222Z: POST /login
2024-03-13T13:29:02.048Z: POST /login
2024-03-13T13:30:08.705Z: POST /login
2024-03-13T13:30:56.178Z: POST /login
2024-03-13T13:31:22.645Z: POST /login
2024-03-13T13:31:34.678Z: POST /login
2024-03-13T13:31:40.776Z: POST /login
2024-03-13T13:33:46.164Z: POST /login
2024-03-13T13:33:56.127Z: POST /login
2024-03-13T13:35:25.842Z: POST /register
2024-03-13T13:36:13.647Z: POST /register
2024-03-13T13:36:44.161Z: POST /login
2024-03-13T13:36:56.394Z: POST /login
2024-03-13T13:37:08.413Z: POST /login
2024-03-13T13:48:27.914Z: POST /register
2024-03-13T13:59:23.129Z: POST /register
2024-03-13T13:59:53.482Z: POST /register
2024-03-13T14:00:16.053Z: POST /register
2024-03-13T14:00:22.387Z: POST /register
2024-03-13T14:01:33.932Z: POST /login
2024-03-13T14:35:24.426Z: POST /register
2024-03-13T14:35:56.236Z: POST /register
2024-03-13T14:36:45.284Z: POST /teacherlogin
2024-03-13T14:37:07.979Z: POST /teacherlogin
2024-03-13T14:37:33.189Z: POST /studentlogin
2024-03-13T14:38:44.726Z: POST /studentlogin
2024-03-13T14:38:50.857Z: POST /teacherlogin
2024-03-13T14:39:02.557Z: POST /studentlogin
2024-03-13T14:39:08.636Z: POST /teacherlogin
2024-03-13T14:47:21.465Z: POST /register
2024-03-13T14:47:45.849Z: POST /register
2024-03-30T12:14:26.213Z: GET /dashboard
2024-03-30T12:14:26.294Z: GET /dashboard
2024-03-30T12:14:26.316Z: GET /tests
2024-03-30T12:14:26.323Z: GET /resulttable
2024-03-30T12:14:26.333Z: GET /tests
2024-03-30T12:14:26.342Z: GET /resulttable
2024-03-30T12:14:37.056Z: POST /teacherlogin
2024-03-30T12:14:39.129Z: GET /dashboard
2024-03-30T12:14:39.146Z: GET /resulttable
2024-03-30T12:14:39.152Z: GET /tests
2024-03-30T12:14:39.155Z: GET /dashboard
2024-03-30T12:14:39.174Z: GET /resulttable
2024-03-30T12:14:39.180Z: GET /teachercreatedtest
2024-03-30T12:14:39.186Z: GET /tests
2024-03-30T12:14:39.202Z: GET /teachercreatedtest
2024-03-30T12:15:35.413Z: POST /teacherlogin
2024-03-30T12:15:37.491Z: GET /dashboard
2024-03-30T12:15:37.503Z: GET /dashboard
2024-03-30T12:15:37.520Z: GET /teachercreatedtest
2024-03-30T12:15:37.530Z: GET /teachercreatedtest
2024-03-30T12:15:47.189Z: GET /teachercreatedtest
2024-03-30T12:15:47.199Z: GET /teachercreatedtest
2024-03-30T12:15:47.913Z: GET /teachercreatedtest
2024-03-30T12:15:47.923Z: GET /teachercreatedtest
2024-03-30T12:17:25.347Z: POST /teacherlogin
2024-03-30T12:17:27.486Z: GET /dashboard
2024-03-30T12:17:27.509Z: GET /dashboard
2024-03-30T12:17:27.521Z: GET /teachercreatedtest
2024-03-30T12:17:27.535Z: GET /teachercreatedtest
2024-03-30T12:17:34.836Z: GET /teachercreatedtest
2024-03-30T12:17:34.844Z: GET /teachercreatedtest
2024-03-30T12:17:35.336Z: GET /teachercreatedtest
2024-03-30T12:17:35.343Z: GET /teachercreatedtest
2024-03-30T12:35:28.489Z: GET /teachercreatedtest
2024-03-30T12:35:28.671Z: GET /teachercreatedtest
2024-03-30T12:35:28.921Z: GET /teachercreatedtest
2024-03-30T12:35:28.932Z: GET /teachercreatedtest
2024-03-30T12:35:35.137Z: GET /dashboard
2024-03-30T12:35:35.153Z: GET /teachercreatedtest
2024-03-30T12:35:35.179Z: GET /dashboard
2024-03-30T12:35:35.200Z: GET /teachercreatedtest
2024-03-30T12:35:37.083Z: GET /dashboard
2024-03-30T12:35:37.089Z: GET /teachercreatedtest
2024-03-30T12:35:37.105Z: GET /teachercreatedtest
2024-03-30T12:35:37.113Z: GET /dashboard
2024-03-30T20:19:37.816Z: POST /register
2024-03-30T20:23:24.859Z: POST /register
2024-03-30T20:26:36.633Z: POST /register
2024-03-30T20:34:19.848Z: POST /register
2024-03-30T20:36:51.918Z: POST /register
2024-03-30T20:41:23.779Z: POST /register
2024-03-30T20:42:27.564Z: POST /register
2024-03-30T20:43:21.186Z: POST /register
2024-03-30T20:46:12.015Z: POST /register
2024-03-30T20:48:59.231Z: POST /register
2024-03-30T20:52:21.392Z: POST /register
2024-03-30T20:54:39.694Z: POST /register
2024-03-30T20:57:24.732Z: POST /register
2024-03-30T21:00:44.895Z: POST /register
2024-03-30T21:02:02.564Z: POST /register
2024-03-30T21:04:02.551Z: POST /teacherlogin
2024-03-30T21:04:04.649Z: GET /dashboard
2024-03-30T21:04:04.700Z: GET /dashboard
2024-03-30T21:04:04.712Z: GET /teachercreatedtest
2024-03-30T21:04:04.838Z: GET /teachercreatedtest
2024-03-30T21:04:08.428Z: POST /createtest
2024-03-30T21:09:26.324Z: POST /register
2024-03-30T21:10:31.527Z: POST /register
2024-03-30T21:11:14.203Z: POST /register
2024-03-30T21:14:53.879Z: POST /register
2024-03-30T21:15:26.206Z: POST /register
2024-03-30T21:16:01.364Z: POST /teacherlogin
2024-03-30T21:16:06.761Z: POST /teacherlogin
2024-03-30T21:16:08.847Z: GET /dashboard
2024-03-30T21:16:08.862Z: GET /teachercreatedtest
2024-03-30T21:16:08.896Z: GET /dashboard
2024-03-30T21:16:09.003Z: GET /teachercreatedtest
2024-03-30T21:16:45.020Z: POST /createtest
2024-03-30T21:16:48.314Z: POST /createtest
2024-03-30T21:16:49.691Z: GET /teachercreatedtest
2024-03-30T21:16:49.713Z: GET /teachercreatedtest
2024-03-30T21:39:06.636Z: GET /dashboard
2024-03-30T21:39:06.822Z: GET /dashboard
2024-03-30T21:39:40.092Z: POST /register
2024-03-30T21:40:16.248Z: POST /studentlogin
2024-03-30T21:40:23.230Z: POST /studentlogin
2024-03-30T21:40:25.275Z: GET /dashboard
2024-03-30T21:40:25.286Z: GET /dashboard
2024-03-30T21:40:25.303Z: GET /tests
2024-03-30T21:40:25.315Z: GET /resulttable
2024-03-30T21:40:25.331Z: GET /tests
2024-03-30T21:40:25.350Z: GET /resulttable
2024-03-30T21:41:29.485Z: PUT /examsubmit
2024-03-30T21:41:31.379Z: GET /dashboard
2024-03-30T21:41:31.398Z: GET /dashboard
2024-03-30T21:41:31.407Z: GET /resulttable
2024-03-30T21:41:31.404Z: GET /tests
2024-03-30T21:41:31.421Z: GET /tests
2024-03-30T21:41:31.425Z: GET /resulttable
2024-03-30T21:41:32.877Z: GET /dashboard
2024-03-30T21:41:32.886Z: GET /dashboard
2024-03-30T21:41:32.900Z: GET /tests
2024-03-30T21:41:32.902Z: GET /resulttable
2024-03-30T21:41:32.912Z: GET /tests
2024-03-30T21:41:32.914Z: GET /resulttable
2024-04-20T12:05:18.533Z: POST /teacherlogin
